# JRE version: Java(TM) SE Runtime Environment (8.0_131-b11) (build 1.8.0_131-b11)
# Java VM: Java HotSpot(TM) 64-Bit Server VM (25.131-b11 mixed mode bsd-amd64 compressed oops)
Heap:
 garbage-first heap   total 524288K, used 49443K [0x00000007a0000000, 0x00000007a0101000, 0x00000007c0000000)
  region size 1024K, 8 young (8192K), 0 survivors (0K)
 Metaspace       used 47132K, capacity 48382K, committed 48640K, reserved 1091584K
  class space    used 6483K, capacity 6784K, committed 6912K, reserved 1048576K
GC Heap History (10 events):
Event: 32635.610 GC heap before
{Heap before GC invocations=241 (full 66):
 garbage-first heap   total 524288K, used 46059K [0x00000007a0000000, 0x00000007a0101000, 0x00000007c0000000)
  region size 1024K, 8 young (8192K), 7 survivors (7168K)
 Metaspace       used 47112K, capacity 48318K, committed 48640K, reserved 1091584K
  class space    used 6483K, capacity 6784K, committed 6912K, reserved 1048576K
Event: 32635.742 GC heap after
Heap after GC invocations=242 (full 67):
 garbage-first heap   total 524288K, used 41862K [0x00000007a0000000, 0x00000007a0101000, 0x00000007c0000000)
  region size 1024K, 0 young (0K), 0 survivors (0K)
 Metaspace       used 47112K, capacity 48318K, committed 48640K, reserved 1091584K
  class space    used 6483K, capacity 6784K, committed 6912K, reserved 1048576K
}
Event: 32653.767 GC heap before
{Heap before GC invocations=242 (full 67):
 garbage-first heap   total 524288K, used 356230K [0x00000007a0000000, 0x00000007a0101000, 0x00000007c0000000)
  region size 1024K, 307 young (314368K), 0 survivors (0K)
 Metaspace       used 47112K, capacity 48318K, committed 48640K, reserved 1091584K
  class space    used 6483K, capacity 6784K, committed 6912K, reserved 1048576K
Event: 32653.797 GC heap after
Heap after GC invocations=243 (full 67):
 garbage-first heap   total 524288K, used 61830K [0x00000007a0000000, 0x00000007a0101000, 0x00000007c0000000)
  region size 1024K, 20 young (20480K), 20 survivors (20480K)
 Metaspace       used 47112K, capacity 48318K, committed 48640K, reserved 1091584K
  class space    used 6483K, capacity 6784K, committed 6912K, reserved 1048576K
}
Event: 32655.423 GC heap before
{Heap before GC invocations=243 (full 67):
 garbage-first heap   total 524288K, used 355718K [0x00000007a0000000, 0x00000007a0101000, 0x00000007c0000000)
  region size 1024K, 307 young (314368K), 20 survivors (20480K)
 Metaspace       used 47113K, capacity 48318K, committed 48640K, reserved 1091584K
  class space    used 6483K, capacity 6784K, committed 6912K, reserved 1048576K
Event: 32655.455 GC heap after
Heap after GC invocations=244 (full 67):
 garbage-first heap   total 524288K, used 62854K [0x00000007a0000000, 0x00000007a0101000, 0x00000007c0000000)
  region size 1024K, 21 young (21504K), 21 survivors (21504K)
 Metaspace       used 47113K, capacity 48318K, committed 48640K, reserved 1091584K
  class space    used 6483K, capacity 6784K, committed 6912K, reserved 1048576K
}
Event: 32670.313 GC heap before
{Heap before GC invocations=244 (full 67):
 garbage-first heap   total 524288K, used 355718K [0x00000007a0000000, 0x00000007a0101000, 0x00000007c0000000)
  region size 1024K, 307 young (314368K), 21 survivors (21504K)
 Metaspace       used 47113K, capacity 48318K, committed 48640K, reserved 1091584K
  class space    used 6483K, capacity 6784K, committed 6912K, reserved 1048576K
Event: 32670.343 GC heap after
Heap after GC invocations=245 (full 67):
 garbage-first heap   total 524288K, used 54150K [0x00000007a0000000, 0x00000007a0101000, 0x00000007c0000000)
  region size 1024K, 12 young (12288K), 12 survivors (12288K)
 Metaspace       used 47113K, capacity 48318K, committed 48640K, reserved 1091584K
  class space    used 6483K, capacity 6784K, committed 6912K, reserved 1048576K
}
Event: 39165.048 GC heap before
{Heap before GC invocations=245 (full 67):
 garbage-first heap   total 524288K, used 384989K [0x00000007a0000000, 0x00000007a0101000, 0x00000007c0000000)
  region size 1024K, 302 young (309248K), 12 survivors (12288K)
 Metaspace       used 47132K, capacity 48382K, committed 48640K, reserved 1091584K
  class space    used 6483K, capacity 6784K, committed 6912K, reserved 1048576K
Event: 39165.255 GC heap after
Heap after GC invocations=246 (full 68):
 garbage-first heap   total 524288K, used 42275K [0x00000007a0000000, 0x00000007a0101000, 0x00000007c0000000)
  region size 1024K, 0 young (0K), 0 survivors (0K)
 Metaspace       used 47132K, capacity 48382K, committed 48640K, reserved 1091584K
  class space    used 6483K, capacity 6784K, committed 6912K, reserved 1048576K
}

